Segmentation training :  {'dataset_root': 'datasets/generated/voc', 'model_name': 'deeplab', 'epochs': 51, 'batch_size': 4, 'image_size': 512}

 epoch    0 phase train batch  366 miou 0.0000 loss 0.4088
 epoch    0 phase val batch  363 miou 0.5395 loss 0.3004
 epoch    1 phase train batch  366 miou 0.0000 loss 0.3293
 epoch    2 phase train batch  366 miou 0.0000 loss 0.2715
 epoch    3 phase train batch  366 miou 0.0000 loss 0.2541
 epoch    4 phase train batch  366 miou 0.0000 loss 0.2299
 epoch    5 phase train batch  366 miou 0.0000 loss 0.2134
 epoch    6 phase train batch  366 miou 0.0000 loss 0.2247
 epoch    7 phase train batch  366 miou 0.0000 loss 0.1969
 epoch    8 phase train batch  366 miou 0.0000 loss 0.2256
 epoch    9 phase train batch  366 miou 0.0000 loss 0.1712
 epoch   10 phase train batch  366 miou 0.0000 loss 0.1528
 epoch   10 phase val batch  363 miou 0.5637 loss 0.2940
 epoch   11 phase train batch  366 miou 0.0000 loss 0.1461
 epoch   12 phase train batch  366 miou 0.0000 loss 0.1551
 epoch   13 phase train batch  366 miou 0.0000 loss 0.1727
 epoch   14 phase train batch  366 miou 0.0000 loss 0.1590
 epoch   15 phase train batch  366 miou 0.0000 loss 0.1386
 epoch   16 phase train batch  366 miou 0.0000 loss 0.1609
 epoch   17 phase train batch  366 miou 0.0000 loss 0.1405
 epoch   18 phase train batch  366 miou 0.0000 loss 0.1283
 epoch   19 phase train batch  366 miou 0.0000 loss 0.1388
 epoch   20 phase train batch  366 miou 0.0000 loss 0.1117
 epoch   20 phase val batch  363 miou 0.5554 loss 0.2939
 epoch   21 phase train batch  366 miou 0.0000 loss 0.1046
 epoch   22 phase train batch  366 miou 0.0000 loss 0.0999
 epoch   23 phase train batch  366 miou 0.0000 loss 0.1488
 epoch   24 phase train batch  366 miou 0.0000 loss 0.1131
 epoch   25 phase train batch  366 miou 0.0000 loss 0.0986
 epoch   26 phase train batch  366 miou 0.0000 loss 0.0753
 epoch   27 phase train batch  366 miou 0.0000 loss 0.1052
 epoch   28 phase train batch  366 miou 0.0000 loss 0.1164
 epoch   29 phase train batch  366 miou 0.0000 loss 0.1134
 epoch   30 phase train batch  366 miou 0.0000 loss 0.1047
 epoch   30 phase val batch  363 miou 0.5756 loss 0.2794
 epoch   31 phase train batch  366 miou 0.0000 loss 0.0921
 epoch   32 phase train batch  366 miou 0.0000 loss 0.0882
 epoch   33 phase train batch  366 miou 0.0000 loss 0.0669
 epoch   34 phase train batch  366 miou 0.0000 loss 0.0857
 epoch   35 phase train batch  366 miou 0.0000 loss 0.1759
 epoch   36 phase train batch  366 miou 0.0000 loss 0.0792
 epoch   37 phase train batch  366 miou 0.0000 loss 0.0798
 epoch   38 phase train batch  366 miou 0.0000 loss 0.0721
 epoch   39 phase train batch  366 miou 0.0000 loss 0.0634
 epoch   40 phase train batch  366 miou 0.0000 loss 0.0723
 epoch   40 phase val batch  363 miou 0.5276 loss 0.3462
 epoch   41 phase train batch  366 miou 0.0000 loss 0.0890
 epoch   42 phase train batch  366 miou 0.0000 loss 0.1058
 epoch   43 phase train batch  366 miou 0.0000 loss 0.0858
 epoch   44 phase train batch  366 miou 0.0000 loss 0.0636
 epoch   45 phase train batch  366 miou 0.0000 loss 0.0542
 epoch   46 phase train batch  366 miou 0.0000 loss 0.0592
 epoch   47 phase train batch  366 miou 0.0000 loss 0.1096
 epoch   48 phase train batch  366 miou 0.0000 loss 0.0764
 epoch   49 phase train batch  366 miou 0.0000 loss 0.0962
 epoch   50 phase train batch  366 miou 0.0000 loss 0.0666
 epoch   50 phase val batch  363 miou 0.5965 loss 0.2688